[14-Oct-2019 16:47:02 UTC] PHP Fatal error:  Uncaught Error: Call to undefined function ChurchCRM\dto\gettext() in C:\Users\user\Documents\GitHub\mychurchsg\web\ChurchCRM\dto\SystemConfig.php:66
Stack trace:
#0 C:\Users\user\Documents\GitHub\mychurchsg\web\ChurchCRM\dto\SystemConfig.php(273): ChurchCRM\dto\SystemConfig::buildConfigs()
#1 C:\Users\user\Documents\GitHub\mychurchsg\web\setup\index.php(17): ChurchCRM\dto\SystemConfig::init()
#2 {main}
  thrown in C:\Users\user\Documents\GitHub\mychurchsg\web\ChurchCRM\dto\SystemConfig.php on line 66
[14-Oct-2019 16:48:00 UTC] PHP Fatal error:  Uncaught Error: Call to undefined function ChurchCRM\dto\gettext() in C:\Users\user\Documents\GitHub\mychurchsg\web\ChurchCRM\dto\SystemConfig.php:66
Stack trace:
#0 C:\Users\user\Documents\GitHub\mychurchsg\web\ChurchCRM\dto\SystemConfig.php(273): ChurchCRM\dto\SystemConfig::buildConfigs()
#1 C:\Users\user\Documents\GitHub\mychurchsg\web\setup\index.php(17): ChurchCRM\dto\SystemConfig::init()
#2 {main}
  thrown in C:\Users\user\Documents\GitHub\mychurchsg\web\ChurchCRM\dto\SystemConfig.php on line 66
[14-Oct-2019 16:49:30 UTC] PHP Fatal error:  Uncaught Error: Call to undefined function ChurchCRM\dto\gettext() in C:\Users\user\Documents\GitHub\mychurchsg\web\ChurchCRM\dto\SystemConfig.php:66
Stack trace:
#0 C:\Users\user\Documents\GitHub\mychurchsg\web\ChurchCRM\dto\SystemConfig.php(273): ChurchCRM\dto\SystemConfig::buildConfigs()
#1 C:\Users\user\Documents\GitHub\mychurchsg\web\setup\index.php(17): ChurchCRM\dto\SystemConfig::init()
#2 {main}
  thrown in C:\Users\user\Documents\GitHub\mychurchsg\web\ChurchCRM\dto\SystemConfig.php on line 66
[15-Oct-2019 00:01:17 UTC] PHP Fatal error:  Uncaught Error: Call to undefined function ChurchCRM\dto\gettext() in C:\Users\user\Documents\GitHub\mychurchsg\web\ChurchCRM\dto\SystemConfig.php:66
Stack trace:
#0 C:\Users\user\Documents\GitHub\mychurchsg\web\ChurchCRM\dto\SystemConfig.php(273): ChurchCRM\dto\SystemConfig::buildConfigs()
#1 C:\Users\user\Documents\GitHub\mychurchsg\web\setup\index.php(17): ChurchCRM\dto\SystemConfig::init()
#2 {main}
  thrown in C:\Users\user\Documents\GitHub\mychurchsg\web\ChurchCRM\dto\SystemConfig.php on line 66
[15-Oct-2019 00:01:54 UTC] PHP Fatal error:  Uncaught Error: Call to undefined function ChurchCRM\dto\gettext() in C:\Users\user\Documents\GitHub\mychurchsg\web\ChurchCRM\dto\SystemConfig.php:66
Stack trace:
#0 C:\Users\user\Documents\GitHub\mychurchsg\web\ChurchCRM\dto\SystemConfig.php(273): ChurchCRM\dto\SystemConfig::buildConfigs()
#1 C:\Users\user\Documents\GitHub\mychurchsg\web\setup\index.php(17): ChurchCRM\dto\SystemConfig::init()
#2 {main}
  thrown in C:\Users\user\Documents\GitHub\mychurchsg\web\ChurchCRM\dto\SystemConfig.php on line 66
[15-Oct-2019 00:04:34 UTC] PHP Fatal error:  Uncaught Error: Call to undefined function ChurchCRM\dto\gettext() in C:\Users\user\Documents\GitHub\mychurchsg\web\ChurchCRM\dto\SystemConfig.php:66
Stack trace:
#0 C:\Users\user\Documents\GitHub\mychurchsg\web\ChurchCRM\dto\SystemConfig.php(273): ChurchCRM\dto\SystemConfig::buildConfigs()
#1 C:\Users\user\Documents\GitHub\mychurchsg\web\setup\index.php(17): ChurchCRM\dto\SystemConfig::init()
#2 {main}
  thrown in C:\Users\user\Documents\GitHub\mychurchsg\web\ChurchCRM\dto\SystemConfig.php on line 66
[15-Oct-2019 00:04:59 UTC] PHP Fatal error:  Uncaught Error: Call to undefined function ChurchCRM\dto\gettext() in C:\Users\user\Documents\GitHub\mychurchsg\web\ChurchCRM\dto\SystemConfig.php:66
Stack trace:
#0 C:\Users\user\Documents\GitHub\mychurchsg\web\ChurchCRM\dto\SystemConfig.php(273): ChurchCRM\dto\SystemConfig::buildConfigs()
#1 C:\Users\user\Documents\GitHub\mychurchsg\web\setup\index.php(17): ChurchCRM\dto\SystemConfig::init()
#2 {main}
  thrown in C:\Users\user\Documents\GitHub\mychurchsg\web\ChurchCRM\dto\SystemConfig.php on line 66
[15-Oct-2019 00:05:24 UTC] PHP Fatal error:  Uncaught Error: Call to undefined function ChurchCRM\dto\gettext() in C:\Users\user\Documents\GitHub\mychurchsg\web\ChurchCRM\dto\SystemConfig.php:66
Stack trace:
#0 C:\Users\user\Documents\GitHub\mychurchsg\web\ChurchCRM\dto\SystemConfig.php(273): ChurchCRM\dto\SystemConfig::buildConfigs()
#1 C:\Users\user\Documents\GitHub\mychurchsg\web\setup\index.php(17): ChurchCRM\dto\SystemConfig::init()
#2 {main}
  thrown in C:\Users\user\Documents\GitHub\mychurchsg\web\ChurchCRM\dto\SystemConfig.php on line 66
[15-Oct-2019 00:06:33 UTC] PHP Fatal error:  Uncaught Error: Call to undefined function ChurchCRM\dto\gettext() in C:\Users\user\Documents\GitHub\mychurchsg\web\ChurchCRM\dto\SystemConfig.php:68
Stack trace:
#0 C:\Users\user\Documents\GitHub\mychurchsg\web\ChurchCRM\dto\SystemConfig.php(275): ChurchCRM\dto\SystemConfig::buildConfigs()
#1 C:\Users\user\Documents\GitHub\mychurchsg\web\setup\index.php(17): ChurchCRM\dto\SystemConfig::init()
#2 {main}
  thrown in C:\Users\user\Documents\GitHub\mychurchsg\web\ChurchCRM\dto\SystemConfig.php on line 68
[15-Oct-2019 00:07:47 UTC] PHP Fatal error:  Uncaught Error: Call to undefined function ChurchCRM\dto\gettext() in C:\Users\user\Documents\GitHub\mychurchsg\web\ChurchCRM\dto\SystemConfig.php:68
Stack trace:
#0 C:\Users\user\Documents\GitHub\mychurchsg\web\ChurchCRM\dto\SystemConfig.php(275): ChurchCRM\dto\SystemConfig::buildConfigs()
#1 C:\Users\user\Documents\GitHub\mychurchsg\web\setup\index.php(17): ChurchCRM\dto\SystemConfig::init()
#2 {main}
  thrown in C:\Users\user\Documents\GitHub\mychurchsg\web\ChurchCRM\dto\SystemConfig.php on line 68
[15-Oct-2019 00:07:48 UTC] PHP Fatal error:  Uncaught Error: Call to undefined function ChurchCRM\dto\gettext() in C:\Users\user\Documents\GitHub\mychurchsg\web\ChurchCRM\dto\SystemConfig.php:68
Stack trace:
#0 C:\Users\user\Documents\GitHub\mychurchsg\web\ChurchCRM\dto\SystemConfig.php(275): ChurchCRM\dto\SystemConfig::buildConfigs()
#1 C:\Users\user\Documents\GitHub\mychurchsg\web\setup\index.php(17): ChurchCRM\dto\SystemConfig::init()
#2 {main}
  thrown in C:\Users\user\Documents\GitHub\mychurchsg\web\ChurchCRM\dto\SystemConfig.php on line 68
